<?xml version="1.0" encoding="UTF-8"?>
<!-- Generated by org.testng.reporters.JUnitReportReporter -->
<testsuite hostname="DESKTOP-C55NDTU" failures="0" tests="1" name="medimentionProject.medimention" time="11.044" errors="0" timestamp="2025-05-23T11:32:33 PDT" skipped="0">
  <testcase classname="medimentionProject.medimention" name="login" time="11.044"/>
</testsuite> <!-- medimentionProject.medimention -->
