<?xml version="1.0" encoding="UTF-8"?>
<!-- Generated by org.testng.reporters.JUnitReportReporter -->
<testsuite hostname="DESKTOP-C55NDTU" failures="0" tests="2" name="testNgpractice.Practice2" time="0.045" errors="0" timestamp="2025-05-21T04:17:19 PDT" skipped="0">
  <testcase classname="testNgpractice.Practice2" name="Test1" time="0.039"/>
  <testcase classname="testNgpractice.Practice2" name="Test2" time="0.006"/>
</testsuite> <!-- testNgpractice.Practice2 -->
