<?xml version="1.0" encoding="UTF-8"?>
<!-- Generated by org.testng.reporters.JUnitReportReporter -->
<testsuite hostname="DESKTOP-C55NDTU" failures="0" tests="1" name="pageobject.loginpage" time="7.807" errors="0" timestamp="2025-05-24T04:28:50 PDT" skipped="0">
  <testcase classname="pageobject.loginpage" name="testLogin" time="7.807"/>
</testsuite> <!-- pageobject.loginpage -->
