<?xml version="1.0" encoding="UTF-8"?>
<!-- Generated by org.testng.reporters.JUnitReportReporter -->
<testsuite hostname="DESKTOP-C55NDTU" failures="0" tests="4" name="testNgpractice.practice1" time="0.240" errors="0" timestamp="2025-05-20T04:18:41 PDT" skipped="0">
  <testcase classname="testNgpractice.practice1" name="AddtoCart" time="0.213"/>
  <testcase classname="testNgpractice.practice1" name="logout" time="0.007"/>
  <testcase classname="testNgpractice.practice1" name="test1" time="0.006"/>
  <testcase classname="testNgpractice.practice1" name="search" time="0.014"/>
</testsuite> <!-- testNgpractice.practice1 -->
